<?xml version="1.0" encoding="UTF-8"?>
<!-- Generated by org.testng.reporters.JUnitReportReporter -->
<testsuite skipped="0" hostname="Thilina-Mobile" name="com.vocalize.testcases.signup" tests="3" failures="0" timestamp="02 Aug 2019 06:30:19 GMT" time="192.592" errors="0">
  <testcase name="Verify_signup_with_invalid_Details" time="38.407" classname="com.vocalize.testcases.signup"/>
  <testcase name="Verify_signup_with_invalid_Details" time="59.746" classname="com.vocalize.testcases.signup"/>
  <testcase name="Verify_signup_with_invalid_Details" time="94.439" classname="com.vocalize.testcases.signup"/>
</testsuite> <!-- com.vocalize.testcases.signup -->
